CS 225 TestSuite
Testing lab10...

Setting up test environment...
Compiling...
================================
g++ -g -O0 -c textfile.cpp -o textfile.o
g++ -g -O0 -c word_counter.cpp -o word_counter.o
g++ -g -O0 -c simple_hash.cpp -o simple_hash.o
g++ -g -O0 -c letter_hash.cpp -o letter_hash.o
g++ -g -O0 -c string_hash.cpp -o string_hash.o
g++ -g -O0 -c anagram_finder.cpp -o anagram_finder.o
anagram_finder.cpp:7:26: error: char_counter.h: No such file or directory
anagram_finder.cpp:8:28: error: char_counter.cpp: No such file or directory
anagram_finder.cpp: In member function ‘bool AnagramFinder::checkWord(const std::string&, const std::string&)’:
anagram_finder.cpp:20: error: ‘CharFreq’ was not declared in this scope
anagram_finder.cpp:20: error: expected `;' before ‘a’
anagram_finder.cpp:21: error: expected `;' before ‘b’
anagram_finder.cpp:22: error: ‘a’ was not declared in this scope
anagram_finder.cpp:23: error: ‘b’ was not declared in this scope
make: *** [anagram_finder.o] Error 1


exec("./runtests") failed
execl failed: No such file or directory
Running tests...
================================
Could not execute test cases


Total score (out of 100)...
================================
TOTAL SCORE: 0

